  Main.cpp
  The contents of <filesystem> are available only with C++17 or later.
W:\Engine\Obelisk-3D-Engine\Source\Bone.h(44,20): warning C4244: 'initializing': conversion from 'double' to 'float', possible loss of data
W:\Engine\Obelisk-3D-Engine\Source\Bone.h(55,20): warning C4244: 'initializing': conversion from 'double' to 'float', possible loss of data
W:\Engine\Obelisk-3D-Engine\Source\Bone.h(66,20): warning C4244: 'initializing': conversion from 'double' to 'float', possible loss of data
W:\Engine\Obelisk-3D-Engine\Source\Animation.h(30,25): warning C4244: '=': conversion from 'double' to 'float', possible loss of data
W:\Engine\Obelisk-3D-Engine\Source\Animation.h(31,31): warning C4244: '=': conversion from 'double' to 'int', possible loss of data
W:\Engine\Obelisk-3D-Engine\Source\Animation.h(55,44): warning C4244: 'return': conversion from 'int' to 'float', possible loss of data
W:\Engine\Obelisk-3D-Engine\Source\Animation.h(97,21): warning C4018: '<': signed/unsigned mismatch
W:\Engine\Obelisk-3D-Engine\Source\Main.cpp(175,22): warning C4244: 'initializing': conversion from 'double' to 'float', possible loss of data
W:\Engine\Obelisk-3D-Engine\Source\Main.cpp(235,31): warning C4244: '*=': conversion from 'double' to 'T', possible loss of data
          with
          [
              T=float
          ]
W:\Engine\Obelisk-3D-Engine\Source\Main.cpp(236,31): warning C4244: '*=': conversion from 'double' to 'T', possible loss of data
          with
          [
              T=float
          ]
W:\Engine\Obelisk-3D-Engine\Source\Main.cpp(237,31): warning C4244: '*=': conversion from 'double' to 'T', possible loss of data
          with
          [
              T=float
          ]
W:\Engine\Obelisk-3D-Engine\Source\Bone.h(95): warning C4715: 'Bone::GetPositionIndex': not all control paths return a value
W:\Engine\Obelisk-3D-Engine\Source\Bone.h(105): warning C4715: 'Bone::GetRotationIndex': not all control paths return a value
W:\Engine\Obelisk-3D-Engine\Source\Bone.h(115): warning C4715: 'Bone::GetScaleIndex': not all control paths return a value
glew32s.lib(glew.obj) : warning LNK4099: PDB 'vc120.pdb' was not found with 'glew32s.lib(glew.obj)' or at 'W:\Engine\Obelisk-3D-Engine\x64\Debug\vc120.pdb'; linking object as if no debug info
MSVCRTD.lib(initializers.obj) : warning LNK4098: defaultlib 'msvcrt.lib' conflicts with use of other libs; use /NODEFAULTLIB:library
MSVCRTD.lib(initializers.obj) : warning LNK4098: defaultlib 'libcmt.lib' conflicts with use of other libs; use /NODEFAULTLIB:library
  3D OpenGL Engine.vcxproj -> W:\Engine\Obelisk-3D-Engine\x64\Debug\3D OpenGL Engine.exe
